{"/home/Philippe.Quemener/Workspace/ux-library/src/core/base/base.mixin.js": {"path":"/home/Philippe.Quemener/Workspace/ux-library/src/core/base/base.mixin.js","statementMap":{"0":{"start":{"line":4,"column":15},"end":{"line":4,"column":17}},"1":{"start":{"line":5,"column":0},"end":{"line":7,"column":1}},"2":{"start":{"line":6,"column":2},"end":{"line":6,"column":66}},"3":{"start":{"line":18,"column":16},"end":{"line":18,"column":40}},"4":{"start":{"line":19,"column":4},"end":{"line":19,"column":77}},"5":{"start":{"line":31,"column":16},"end":{"line":31,"column":40}},"6":{"start":{"line":32,"column":4},"end":{"line":38,"column":5}},"7":{"start":{"line":33,"column":6},"end":{"line":33,"column":42}},"8":{"start":{"line":35,"column":6},"end":{"line":37,"column":40}},"9":{"start":{"line":48,"column":4},"end":{"line":48,"column":20}},"10":{"start":{"line":61,"column":4},"end":{"line":61,"column":26}}},"fnMap":{"0":{"name":"(anonymous_0)","decl":{"start":{"line":17,"column":2},"end":{"line":17,"column":3}},"loc":{"start":{"line":17,"column":42},"end":{"line":20,"column":3}},"line":17},"1":{"name":"(anonymous_1)","decl":{"start":{"line":30,"column":2},"end":{"line":30,"column":3}},"loc":{"start":{"line":30,"column":63},"end":{"line":39,"column":3}},"line":30},"2":{"name":"(anonymous_2)","decl":{"start":{"line":47,"column":2},"end":{"line":47,"column":3}},"loc":{"start":{"line":47,"column":17},"end":{"line":49,"column":3}},"line":47},"3":{"name":"(anonymous_3)","decl":{"start":{"line":60,"column":2},"end":{"line":60,"column":3}},"loc":{"start":{"line":60,"column":18},"end":{"line":62,"column":3}},"line":60}},"branchMap":{"0":{"loc":{"start":{"line":5,"column":0},"end":{"line":7,"column":1}},"type":"if","locations":[{"start":{"line":5,"column":0},"end":{"line":7,"column":1}},{"start":{"line":5,"column":0},"end":{"line":7,"column":1}}],"line":5},"1":{"loc":{"start":{"line":5,"column":4},"end":{"line":5,"column":56}},"type":"binary-expr","locations":[{"start":{"line":5,"column":4},"end":{"line":5,"column":26}},{"start":{"line":5,"column":30},"end":{"line":5,"column":56}}],"line":5},"2":{"loc":{"start":{"line":18,"column":16},"end":{"line":18,"column":40}},"type":"cond-expr","locations":[{"start":{"line":18,"column":21},"end":{"line":18,"column":23}},{"start":{"line":18,"column":26},"end":{"line":18,"column":40}}],"line":18},"3":{"loc":{"start":{"line":19,"column":4},"end":{"line":19,"column":76}},"type":"cond-expr","locations":[{"start":{"line":19,"column":14},"end":{"line":19,"column":42}},{"start":{"line":19,"column":45},"end":{"line":19,"column":76}}],"line":19},"4":{"loc":{"start":{"line":30,"column":40},"end":{"line":30,"column":61}},"type":"default-arg","locations":[{"start":{"line":30,"column":56},"end":{"line":30,"column":61}}],"line":30},"5":{"loc":{"start":{"line":31,"column":16},"end":{"line":31,"column":40}},"type":"cond-expr","locations":[{"start":{"line":31,"column":21},"end":{"line":31,"column":23}},{"start":{"line":31,"column":26},"end":{"line":31,"column":40}}],"line":31},"6":{"loc":{"start":{"line":32,"column":4},"end":{"line":38,"column":5}},"type":"if","locations":[{"start":{"line":32,"column":4},"end":{"line":38,"column":5}},{"start":{"line":32,"column":4},"end":{"line":38,"column":5}}],"line":32},"7":{"loc":{"start":{"line":35,"column":6},"end":{"line":37,"column":39}},"type":"cond-expr","locations":[{"start":{"line":36,"column":10},"end":{"line":36,"column":44}},{"start":{"line":37,"column":10},"end":{"line":37,"column":39}}],"line":35}},"s":{"0":1,"1":1,"2":0,"3":4,"4":4,"5":0,"6":0,"7":0,"8":0,"9":0,"10":0},"f":{"0":4,"1":0,"2":0,"3":0},"b":{"0":[0,1],"1":[1,0],"2":[0,4],"3":[2,2],"4":[0],"5":[0,0],"6":[0,0],"7":[0,0]},"_coverageSchema":"1a1c01bbd47fc00a2c39e90264f33305004495a9","hash":"071cbe84f141b8c0791c173476193043a8c8c747"}
,"/home/Philippe.Quemener/Workspace/ux-library/src/core/base/baseShadowComponent.mixin.js": {"path":"/home/Philippe.Quemener/Workspace/ux-library/src/core/base/baseShadowComponent.mixin.js","statementMap":{},"fnMap":{},"branchMap":{},"s":{},"f":{},"b":{},"_coverageSchema":"1a1c01bbd47fc00a2c39e90264f33305004495a9","hash":"a443ff6b3d0eafdae25cf8b94ea0465a4dbf94b8"}
,"/home/Philippe.Quemener/Workspace/ux-library/src/core/base/properties.mixin.js": {"path":"/home/Philippe.Quemener/Workspace/ux-library/src/core/base/properties.mixin.js","statementMap":{"0":{"start":{"line":15,"column":18},"end":{"line":15,"column":20}},"1":{"start":{"line":16,"column":26},"end":{"line":19,"column":7}},"2":{"start":{"line":20,"column":6},"end":{"line":31,"column":55}},"3":{"start":{"line":22,"column":25},"end":{"line":22,"column":56}},"4":{"start":{"line":23,"column":10},"end":{"line":29,"column":11}},"5":{"start":{"line":24,"column":12},"end":{"line":26,"column":13}},"6":{"start":{"line":25,"column":14},"end":{"line":25,"column":35}},"7":{"start":{"line":28,"column":12},"end":{"line":28,"column":43}},"8":{"start":{"line":35,"column":6},"end":{"line":35,"column":14}},"9":{"start":{"line":36,"column":6},"end":{"line":36,"column":71}},"10":{"start":{"line":37,"column":6},"end":{"line":40,"column":8}},"11":{"start":{"line":41,"column":6},"end":{"line":61,"column":9}},"12":{"start":{"line":43,"column":25},"end":{"line":43,"column":35}},"13":{"start":{"line":47,"column":8},"end":{"line":55,"column":10}},"14":{"start":{"line":58,"column":8},"end":{"line":60,"column":9}},"15":{"start":{"line":59,"column":10},"end":{"line":59,"column":32}},"16":{"start":{"line":77,"column":6},"end":{"line":77,"column":61}},"17":{"start":{"line":77,"column":35},"end":{"line":77,"column":61}},"18":{"start":{"line":80,"column":6},"end":{"line":93,"column":9}},"19":{"start":{"line":82,"column":22},"end":{"line":82,"column":69}},"20":{"start":{"line":83,"column":8},"end":{"line":92,"column":9}},"21":{"start":{"line":84,"column":10},"end":{"line":84,"column":54}},"22":{"start":{"line":84,"column":35},"end":{"line":84,"column":54}},"23":{"start":{"line":85,"column":15},"end":{"line":92,"column":9}},"24":{"start":{"line":90,"column":10},"end":{"line":91,"column":61}},"25":{"start":{"line":91,"column":12},"end":{"line":91,"column":61}},"26":{"start":{"line":119,"column":6},"end":{"line":120,"column":38}},"27":{"start":{"line":120,"column":8},"end":{"line":120,"column":38}},"28":{"start":{"line":122,"column":23},"end":{"line":122,"column":52}},"29":{"start":{"line":123,"column":6},"end":{"line":129,"column":7}},"30":{"start":{"line":123,"column":19},"end":{"line":123,"column":20}},"31":{"start":{"line":123,"column":26},"end":{"line":123,"column":41}},"32":{"start":{"line":124,"column":8},"end":{"line":128,"column":29}},"33":{"start":{"line":128,"column":10},"end":{"line":128,"column":29}},"34":{"start":{"line":145,"column":6},"end":{"line":147,"column":31}},"35":{"start":{"line":150,"column":2},"end":{"line":150,"column":25}},"36":{"start":{"line":160,"column":2},"end":{"line":221,"column":3}},"37":{"start":{"line":162,"column":6},"end":{"line":206,"column":8}},"38":{"start":{"line":164,"column":10},"end":{"line":164,"column":79}},"39":{"start":{"line":171,"column":10},"end":{"line":171,"column":42}},"40":{"start":{"line":171,"column":35},"end":{"line":171,"column":42}},"41":{"start":{"line":173,"column":10},"end":{"line":203,"column":11}},"42":{"start":{"line":182,"column":12},"end":{"line":186,"column":13}},"43":{"start":{"line":183,"column":14},"end":{"line":183,"column":41}},"44":{"start":{"line":185,"column":14},"end":{"line":185,"column":45}},"45":{"start":{"line":187,"column":17},"end":{"line":203,"column":11}},"46":{"start":{"line":195,"column":12},"end":{"line":199,"column":13}},"47":{"start":{"line":196,"column":14},"end":{"line":196,"column":44}},"48":{"start":{"line":198,"column":14},"end":{"line":198,"column":44}},"49":{"start":{"line":202,"column":12},"end":{"line":202,"column":54}},"50":{"start":{"line":204,"column":10},"end":{"line":204,"column":17}},"51":{"start":{"line":209,"column":6},"end":{"line":220,"column":8}},"52":{"start":{"line":211,"column":10},"end":{"line":211,"column":41}},"53":{"start":{"line":216,"column":10},"end":{"line":216,"column":55}},"54":{"start":{"line":216,"column":48},"end":{"line":216,"column":55}},"55":{"start":{"line":218,"column":10},"end":{"line":218,"column":41}},"56":{"start":{"line":225,"column":2},"end":{"line":234,"column":3}},"57":{"start":{"line":231,"column":4},"end":{"line":231,"column":16}},"58":{"start":{"line":233,"column":4},"end":{"line":233,"column":17}},"59":{"start":{"line":243,"column":20},"end":{"line":243,"column":22}},"60":{"start":{"line":244,"column":2},"end":{"line":247,"column":3}},"61":{"start":{"line":245,"column":4},"end":{"line":246,"column":76}},"62":{"start":{"line":246,"column":6},"end":{"line":246,"column":76}},"63":{"start":{"line":248,"column":2},"end":{"line":248,"column":21}},"64":{"start":{"line":257,"column":20},"end":{"line":257,"column":22}},"65":{"start":{"line":258,"column":2},"end":{"line":264,"column":3}},"66":{"start":{"line":259,"column":4},"end":{"line":263,"column":8}},"67":{"start":{"line":260,"column":6},"end":{"line":263,"column":8}},"68":{"start":{"line":265,"column":2},"end":{"line":265,"column":21}},"69":{"start":{"line":276,"column":16},"end":{"line":276,"column":30}},"70":{"start":{"line":279,"column":2},"end":{"line":279,"column":41}},"71":{"start":{"line":279,"column":27},"end":{"line":279,"column":41}},"72":{"start":{"line":281,"column":2},"end":{"line":285,"column":9}},"73":{"start":{"line":283,"column":6},"end":{"line":283,"column":78}},"74":{"start":{"line":284,"column":4},"end":{"line":284,"column":29}},"75":{"start":{"line":296,"column":2},"end":{"line":299,"column":19}}},"fnMap":{"0":{"name":"PropertiesMixin","decl":{"start":{"line":3,"column":24},"end":{"line":3,"column":39}},"loc":{"start":{"line":3,"column":77},"end":{"line":151,"column":1}},"line":3},"1":{"name":"(anonymous_1)","decl":{"start":{"line":14,"column":4},"end":{"line":14,"column":5}},"loc":{"start":{"line":14,"column":36},"end":{"line":32,"column":5}},"line":14},"2":{"name":"(anonymous_2)","decl":{"start":{"line":21,"column":16},"end":{"line":21,"column":17}},"loc":{"start":{"line":21,"column":24},"end":{"line":30,"column":9}},"line":21},"3":{"name":"(anonymous_3)","decl":{"start":{"line":34,"column":4},"end":{"line":34,"column":5}},"loc":{"start":{"line":34,"column":18},"end":{"line":62,"column":5}},"line":34},"4":{"name":"(anonymous_4)","decl":{"start":{"line":41,"column":44},"end":{"line":41,"column":45}},"loc":{"start":{"line":41,"column":52},"end":{"line":61,"column":7}},"line":41},"5":{"name":"(anonymous_5)","decl":{"start":{"line":76,"column":4},"end":{"line":76,"column":5}},"loc":{"start":{"line":76,"column":24},"end":{"line":94,"column":5}},"line":76},"6":{"name":"(anonymous_6)","decl":{"start":{"line":80,"column":44},"end":{"line":80,"column":45}},"loc":{"start":{"line":80,"column":52},"end":{"line":93,"column":7}},"line":80},"7":{"name":"(anonymous_7)","decl":{"start":{"line":117,"column":4},"end":{"line":117,"column":5}},"loc":{"start":{"line":117,"column":32},"end":{"line":130,"column":5}},"line":117},"8":{"name":"(anonymous_8)","decl":{"start":{"line":144,"column":4},"end":{"line":144,"column":5}},"loc":{"start":{"line":144,"column":30},"end":{"line":148,"column":5}},"line":144},"9":{"name":"makeDefineObject","decl":{"start":{"line":159,"column":9},"end":{"line":159,"column":25}},"loc":{"start":{"line":159,"column":44},"end":{"line":222,"column":1}},"line":159},"10":{"name":"(anonymous_10)","decl":{"start":{"line":163,"column":13},"end":{"line":163,"column":14}},"loc":{"start":{"line":163,"column":19},"end":{"line":165,"column":9}},"line":163},"11":{"name":"(anonymous_11)","decl":{"start":{"line":166,"column":13},"end":{"line":166,"column":14}},"loc":{"start":{"line":166,"column":22},"end":{"line":205,"column":9}},"line":166},"12":{"name":"(anonymous_12)","decl":{"start":{"line":210,"column":13},"end":{"line":210,"column":14}},"loc":{"start":{"line":210,"column":19},"end":{"line":212,"column":9}},"line":210},"13":{"name":"(anonymous_13)","decl":{"start":{"line":213,"column":13},"end":{"line":213,"column":14}},"loc":{"start":{"line":213,"column":22},"end":{"line":219,"column":9}},"line":213},"14":{"name":"checkIfSpecialBoolean","decl":{"start":{"line":224,"column":9},"end":{"line":224,"column":30}},"loc":{"start":{"line":224,"column":37},"end":{"line":235,"column":1}},"line":224},"15":{"name":"buildProtoPropsConfig","decl":{"start":{"line":242,"column":9},"end":{"line":242,"column":30}},"loc":{"start":{"line":242,"column":58},"end":{"line":249,"column":1}},"line":242},"16":{"name":"buildConstructorPropsConfig","decl":{"start":{"line":256,"column":9},"end":{"line":256,"column":36}},"loc":{"start":{"line":256,"column":64},"end":{"line":266,"column":1}},"line":256},"17":{"name":"snaketoCamel","decl":{"start":{"line":275,"column":9},"end":{"line":275,"column":21}},"loc":{"start":{"line":275,"column":27},"end":{"line":286,"column":1}},"line":275},"18":{"name":"(anonymous_18)","decl":{"start":{"line":281,"column":22},"end":{"line":281,"column":23}},"loc":{"start":{"line":281,"column":47},"end":{"line":285,"column":3}},"line":281},"19":{"name":"camelToSnake","decl":{"start":{"line":295,"column":9},"end":{"line":295,"column":21}},"loc":{"start":{"line":295,"column":27},"end":{"line":300,"column":1}},"line":295}},"branchMap":{"0":{"loc":{"start":{"line":3,"column":46},"end":{"line":3,"column":75}},"type":"default-arg","locations":[{"start":{"line":3,"column":63},"end":{"line":3,"column":75}}],"line":3},"1":{"loc":{"start":{"line":23,"column":10},"end":{"line":29,"column":11}},"type":"if","locations":[{"start":{"line":23,"column":10},"end":{"line":29,"column":11}},{"start":{"line":23,"column":10},"end":{"line":29,"column":11}}],"line":23},"2":{"loc":{"start":{"line":24,"column":12},"end":{"line":26,"column":13}},"type":"if","locations":[{"start":{"line":24,"column":12},"end":{"line":26,"column":13}},{"start":{"line":24,"column":12},"end":{"line":26,"column":13}}],"line":24},"3":{"loc":{"start":{"line":31,"column":23},"end":{"line":31,"column":53}},"type":"binary-expr","locations":[{"start":{"line":31,"column":23},"end":{"line":31,"column":47}},{"start":{"line":31,"column":51},"end":{"line":31,"column":53}}],"line":31},"4":{"loc":{"start":{"line":58,"column":8},"end":{"line":60,"column":9}},"type":"if","locations":[{"start":{"line":58,"column":8},"end":{"line":60,"column":9}},{"start":{"line":58,"column":8},"end":{"line":60,"column":9}}],"line":58},"5":{"loc":{"start":{"line":77,"column":6},"end":{"line":77,"column":61}},"type":"if","locations":[{"start":{"line":77,"column":6},"end":{"line":77,"column":61}},{"start":{"line":77,"column":6},"end":{"line":77,"column":61}}],"line":77},"6":{"loc":{"start":{"line":83,"column":8},"end":{"line":92,"column":9}},"type":"if","locations":[{"start":{"line":83,"column":8},"end":{"line":92,"column":9}},{"start":{"line":83,"column":8},"end":{"line":92,"column":9}}],"line":83},"7":{"loc":{"start":{"line":84,"column":10},"end":{"line":84,"column":54}},"type":"if","locations":[{"start":{"line":84,"column":10},"end":{"line":84,"column":54}},{"start":{"line":84,"column":10},"end":{"line":84,"column":54}}],"line":84},"8":{"loc":{"start":{"line":85,"column":15},"end":{"line":92,"column":9}},"type":"if","locations":[{"start":{"line":85,"column":15},"end":{"line":92,"column":9}},{"start":{"line":85,"column":15},"end":{"line":92,"column":9}}],"line":85},"9":{"loc":{"start":{"line":86,"column":10},"end":{"line":88,"column":52}},"type":"binary-expr","locations":[{"start":{"line":86,"column":10},"end":{"line":86,"column":45}},{"start":{"line":87,"column":10},"end":{"line":87,"column":51}},{"start":{"line":88,"column":10},"end":{"line":88,"column":52}}],"line":86},"10":{"loc":{"start":{"line":90,"column":10},"end":{"line":91,"column":61}},"type":"if","locations":[{"start":{"line":90,"column":10},"end":{"line":91,"column":61}},{"start":{"line":90,"column":10},"end":{"line":91,"column":61}}],"line":90},"11":{"loc":{"start":{"line":119,"column":6},"end":{"line":120,"column":38}},"type":"if","locations":[{"start":{"line":119,"column":6},"end":{"line":120,"column":38}},{"start":{"line":119,"column":6},"end":{"line":120,"column":38}}],"line":119},"12":{"loc":{"start":{"line":124,"column":8},"end":{"line":128,"column":29}},"type":"if","locations":[{"start":{"line":124,"column":8},"end":{"line":128,"column":29}},{"start":{"line":124,"column":8},"end":{"line":128,"column":29}}],"line":124},"13":{"loc":{"start":{"line":125,"column":10},"end":{"line":126,"column":66}},"type":"binary-expr","locations":[{"start":{"line":125,"column":10},"end":{"line":125,"column":53}},{"start":{"line":126,"column":10},"end":{"line":126,"column":66}}],"line":125},"14":{"loc":{"start":{"line":145,"column":13},"end":{"line":147,"column":30}},"type":"cond-expr","locations":[{"start":{"line":146,"column":10},"end":{"line":146,"column":48}},{"start":{"line":147,"column":10},"end":{"line":147,"column":30}}],"line":145},"15":{"loc":{"start":{"line":160,"column":2},"end":{"line":221,"column":3}},"type":"switch","locations":[{"start":{"line":161,"column":4},"end":{"line":206,"column":8}},{"start":{"line":207,"column":4},"end":{"line":207,"column":18}},{"start":{"line":208,"column":4},"end":{"line":220,"column":8}}],"line":160},"16":{"loc":{"start":{"line":164,"column":17},"end":{"line":164,"column":78}},"type":"binary-expr","locations":[{"start":{"line":164,"column":17},"end":{"line":164,"column":40}},{"start":{"line":164,"column":44},"end":{"line":164,"column":78}}],"line":164},"17":{"loc":{"start":{"line":171,"column":10},"end":{"line":171,"column":42}},"type":"if","locations":[{"start":{"line":171,"column":10},"end":{"line":171,"column":42}},{"start":{"line":171,"column":10},"end":{"line":171,"column":42}}],"line":171},"18":{"loc":{"start":{"line":173,"column":10},"end":{"line":203,"column":11}},"type":"if","locations":[{"start":{"line":173,"column":10},"end":{"line":203,"column":11}},{"start":{"line":173,"column":10},"end":{"line":203,"column":11}}],"line":173},"19":{"loc":{"start":{"line":174,"column":12},"end":{"line":179,"column":25}},"type":"binary-expr","locations":[{"start":{"line":174,"column":12},"end":{"line":174,"column":29}},{"start":{"line":175,"column":12},"end":{"line":175,"column":27}},{"start":{"line":176,"column":12},"end":{"line":176,"column":26}},{"start":{"line":177,"column":12},"end":{"line":177,"column":31}},{"start":{"line":178,"column":12},"end":{"line":178,"column":23}},{"start":{"line":179,"column":12},"end":{"line":179,"column":25}}],"line":174},"20":{"loc":{"start":{"line":182,"column":12},"end":{"line":186,"column":13}},"type":"if","locations":[{"start":{"line":182,"column":12},"end":{"line":186,"column":13}},{"start":{"line":182,"column":12},"end":{"line":186,"column":13}}],"line":182},"21":{"loc":{"start":{"line":187,"column":17},"end":{"line":203,"column":11}},"type":"if","locations":[{"start":{"line":187,"column":17},"end":{"line":203,"column":11}},{"start":{"line":187,"column":17},"end":{"line":203,"column":11}}],"line":187},"22":{"loc":{"start":{"line":188,"column":12},"end":{"line":192,"column":24}},"type":"binary-expr","locations":[{"start":{"line":188,"column":12},"end":{"line":188,"column":28}},{"start":{"line":189,"column":12},"end":{"line":189,"column":26}},{"start":{"line":190,"column":12},"end":{"line":190,"column":25}},{"start":{"line":191,"column":12},"end":{"line":191,"column":23}},{"start":{"line":192,"column":12},"end":{"line":192,"column":24}}],"line":188},"23":{"loc":{"start":{"line":195,"column":12},"end":{"line":199,"column":13}},"type":"if","locations":[{"start":{"line":195,"column":12},"end":{"line":199,"column":13}},{"start":{"line":195,"column":12},"end":{"line":199,"column":13}}],"line":195},"24":{"loc":{"start":{"line":216,"column":10},"end":{"line":216,"column":55}},"type":"if","locations":[{"start":{"line":216,"column":10},"end":{"line":216,"column":55}},{"start":{"line":216,"column":10},"end":{"line":216,"column":55}}],"line":216},"25":{"loc":{"start":{"line":225,"column":2},"end":{"line":234,"column":3}},"type":"if","locations":[{"start":{"line":225,"column":2},"end":{"line":234,"column":3}},{"start":{"line":225,"column":2},"end":{"line":234,"column":3}}],"line":225},"26":{"loc":{"start":{"line":226,"column":4},"end":{"line":229,"column":19}},"type":"binary-expr","locations":[{"start":{"line":226,"column":4},"end":{"line":226,"column":22}},{"start":{"line":227,"column":4},"end":{"line":227,"column":23}},{"start":{"line":228,"column":4},"end":{"line":228,"column":23}},{"start":{"line":229,"column":4},"end":{"line":229,"column":19}}],"line":226},"27":{"loc":{"start":{"line":245,"column":4},"end":{"line":246,"column":76}},"type":"if","locations":[{"start":{"line":245,"column":4},"end":{"line":246,"column":76}},{"start":{"line":245,"column":4},"end":{"line":246,"column":76}}],"line":245},"28":{"loc":{"start":{"line":259,"column":4},"end":{"line":263,"column":8}},"type":"if","locations":[{"start":{"line":259,"column":4},"end":{"line":263,"column":8}},{"start":{"line":259,"column":4},"end":{"line":263,"column":8}}],"line":259},"29":{"loc":{"start":{"line":279,"column":2},"end":{"line":279,"column":41}},"type":"if","locations":[{"start":{"line":279,"column":2},"end":{"line":279,"column":41}},{"start":{"line":279,"column":2},"end":{"line":279,"column":41}}],"line":279},"30":{"loc":{"start":{"line":283,"column":6},"end":{"line":283,"column":78}},"type":"cond-expr","locations":[{"start":{"line":283,"column":18},"end":{"line":283,"column":68}},{"start":{"line":283,"column":71},"end":{"line":283,"column":78}}],"line":283}},"s":{"0":1,"1":1,"2":1,"3":13,"4":13,"5":0,"6":0,"7":13,"8":1,"9":1,"10":1,"11":1,"12":13,"13":13,"14":13,"15":0,"16":1,"17":0,"18":1,"19":13,"20":13,"21":0,"22":0,"23":13,"24":0,"25":0,"26":0,"27":0,"28":0,"29":0,"30":0,"31":0,"32":0,"33":0,"34":26,"35":1,"36":13,"37":8,"38":22,"39":12,"40":0,"41":12,"42":6,"43":1,"44":5,"45":6,"46":6,"47":1,"48":5,"49":0,"50":12,"51":5,"52":17,"53":8,"54":1,"55":7,"56":12,"57":2,"58":10,"59":1,"60":1,"61":14,"62":5,"63":1,"64":1,"65":1,"66":14,"67":5,"68":1,"69":0,"70":0,"71":0,"72":0,"73":0,"74":0,"75":39},"f":{"0":1,"1":1,"2":13,"3":1,"4":13,"5":1,"6":13,"7":0,"8":26,"9":13,"10":22,"11":12,"12":17,"13":8,"14":12,"15":1,"16":1,"17":0,"18":0,"19":39},"b":{"0":[1],"1":[0,13],"2":[0,0],"3":[1,1],"4":[0,13],"5":[0,1],"6":[0,13],"7":[0,0],"8":[0,13],"9":[13,13,13],"10":[0,0],"11":[0,0],"12":[0,0],"13":[0,0],"14":[0,26],"15":[8,5,5],"16":[22,16],"17":[0,12],"18":[6,6],"19":[12,12,6,6,6,6],"20":[1,5],"21":[6,0],"22":[6,6,0,0,0],"23":[1,5],"24":[1,7],"25":[2,10],"26":[12,12,12,10],"27":[5,9],"28":[5,9],"29":[0,0],"30":[0,0]},"_coverageSchema":"1a1c01bbd47fc00a2c39e90264f33305004495a9","hash":"84a3e5b77750f66cbb7fb9466175027b657e7a93"}
,"/home/Philippe.Quemener/Workspace/ux-library/src/core/base/shadow.mixin.js": {"path":"/home/Philippe.Quemener/Workspace/ux-library/src/core/base/shadow.mixin.js","statementMap":{"0":{"start":{"line":12,"column":6},"end":{"line":12,"column":14}},"1":{"start":{"line":13,"column":6},"end":{"line":13,"column":42}},"2":{"start":{"line":14,"column":6},"end":{"line":14,"column":31}},"3":{"start":{"line":17,"column":2},"end":{"line":17,"column":21}}},"fnMap":{"0":{"name":"ShadowMixin","decl":{"start":{"line":1,"column":24},"end":{"line":1,"column":35}},"loc":{"start":{"line":1,"column":42},"end":{"line":18,"column":1}},"line":1},"1":{"name":"(anonymous_1)","decl":{"start":{"line":11,"column":4},"end":{"line":11,"column":5}},"loc":{"start":{"line":11,"column":18},"end":{"line":15,"column":5}},"line":11}},"branchMap":{},"s":{"0":1,"1":1,"2":1,"3":1},"f":{"0":1,"1":1},"b":{},"_coverageSchema":"1a1c01bbd47fc00a2c39e90264f33305004495a9","hash":"b0b00f83d828f595cbac81151e3269a34b584f2e"}
,"/home/Philippe.Quemener/Workspace/ux-library/src/core/base/style.mixin.js": {"path":"/home/Philippe.Quemener/Workspace/ux-library/src/core/base/style.mixin.js","statementMap":{"0":{"start":{"line":6,"column":6},"end":{"line":6,"column":14}},"1":{"start":{"line":7,"column":22},"end":{"line":7,"column":69}},"2":{"start":{"line":8,"column":24},"end":{"line":8,"column":56}},"3":{"start":{"line":9,"column":18},"end":{"line":9,"column":52}},"4":{"start":{"line":10,"column":6},"end":{"line":10,"column":63}},"5":{"start":{"line":11,"column":6},"end":{"line":15,"column":7}},"6":{"start":{"line":12,"column":8},"end":{"line":13,"column":68}},"7":{"start":{"line":14,"column":8},"end":{"line":14,"column":56}},"8":{"start":{"line":19,"column":6},"end":{"line":19,"column":61}},"9":{"start":{"line":19,"column":35},"end":{"line":19,"column":61}},"10":{"start":{"line":20,"column":6},"end":{"line":20,"column":53}},"11":{"start":{"line":23,"column":2},"end":{"line":23,"column":21}},"12":{"start":{"line":31,"column":37},"end":{"line":38,"column":1}},"13":{"start":{"line":32,"column":20},"end":{"line":32,"column":22}},"14":{"start":{"line":33,"column":2},"end":{"line":36,"column":3}},"15":{"start":{"line":34,"column":4},"end":{"line":35,"column":57}},"16":{"start":{"line":35,"column":6},"end":{"line":35,"column":57}},"17":{"start":{"line":37,"column":2},"end":{"line":37,"column":21}}},"fnMap":{"0":{"name":"StylesMixin","decl":{"start":{"line":3,"column":24},"end":{"line":3,"column":35}},"loc":{"start":{"line":3,"column":42},"end":{"line":24,"column":1}},"line":3},"1":{"name":"(anonymous_1)","decl":{"start":{"line":5,"column":4},"end":{"line":5,"column":5}},"loc":{"start":{"line":5,"column":18},"end":{"line":16,"column":5}},"line":5},"2":{"name":"(anonymous_2)","decl":{"start":{"line":18,"column":4},"end":{"line":18,"column":5}},"loc":{"start":{"line":18,"column":24},"end":{"line":21,"column":5}},"line":18},"3":{"name":"(anonymous_3)","decl":{"start":{"line":31,"column":37},"end":{"line":31,"column":38}},"loc":{"start":{"line":31,"column":50},"end":{"line":38,"column":1}},"line":31}},"branchMap":{"0":{"loc":{"start":{"line":11,"column":6},"end":{"line":15,"column":7}},"type":"if","locations":[{"start":{"line":11,"column":6},"end":{"line":15,"column":7}},{"start":{"line":11,"column":6},"end":{"line":15,"column":7}}],"line":11},"1":{"loc":{"start":{"line":12,"column":8},"end":{"line":13,"column":67}},"type":"binary-expr","locations":[{"start":{"line":12,"column":8},"end":{"line":12,"column":23}},{"start":{"line":13,"column":10},"end":{"line":13,"column":67}}],"line":12},"2":{"loc":{"start":{"line":19,"column":6},"end":{"line":19,"column":61}},"type":"if","locations":[{"start":{"line":19,"column":6},"end":{"line":19,"column":61}},{"start":{"line":19,"column":6},"end":{"line":19,"column":61}}],"line":19},"3":{"loc":{"start":{"line":20,"column":6},"end":{"line":20,"column":52}},"type":"binary-expr","locations":[{"start":{"line":20,"column":6},"end":{"line":20,"column":21}},{"start":{"line":20,"column":25},"end":{"line":20,"column":52}}],"line":20},"4":{"loc":{"start":{"line":34,"column":4},"end":{"line":35,"column":57}},"type":"if","locations":[{"start":{"line":34,"column":4},"end":{"line":35,"column":57}},{"start":{"line":34,"column":4},"end":{"line":35,"column":57}}],"line":34}},"s":{"0":1,"1":1,"2":1,"3":1,"4":1,"5":1,"6":1,"7":1,"8":1,"9":1,"10":1,"11":1,"12":1,"13":1,"14":1,"15":14,"16":3,"17":1},"f":{"0":1,"1":1,"2":1,"3":1},"b":{"0":[1,0],"1":[1,0],"2":[1,0],"3":[1,0],"4":[3,11]},"_coverageSchema":"1a1c01bbd47fc00a2c39e90264f33305004495a9","hash":"6a16df6712bdaeab3aed062e3c40b9b175e484a2"}
,"/home/Philippe.Quemener/Workspace/ux-library/src/core/base/template.mixin.js": {"path":"/home/Philippe.Quemener/Workspace/ux-library/src/core/base/template.mixin.js","statementMap":{"0":{"start":{"line":6,"column":6},"end":{"line":6,"column":14}},"1":{"start":{"line":8,"column":22},"end":{"line":8,"column":69}},"2":{"start":{"line":9,"column":24},"end":{"line":9,"column":48}},"3":{"start":{"line":11,"column":6},"end":{"line":11,"column":43}},"4":{"start":{"line":11,"column":36},"end":{"line":11,"column":43}},"5":{"start":{"line":13,"column":6},"end":{"line":28,"column":7}},"6":{"start":{"line":14,"column":8},"end":{"line":18,"column":10}},"7":{"start":{"line":19,"column":8},"end":{"line":19,"column":71}},"8":{"start":{"line":20,"column":8},"end":{"line":20,"column":54}},"9":{"start":{"line":22,"column":8},"end":{"line":26,"column":10}},"10":{"start":{"line":27,"column":8},"end":{"line":27,"column":69}},"11":{"start":{"line":31,"column":2},"end":{"line":31,"column":23}},"12":{"start":{"line":39,"column":29},"end":{"line":46,"column":1}},"13":{"start":{"line":40,"column":20},"end":{"line":40,"column":22}},"14":{"start":{"line":41,"column":2},"end":{"line":44,"column":3}},"15":{"start":{"line":42,"column":4},"end":{"line":43,"column":48}},"16":{"start":{"line":43,"column":6},"end":{"line":43,"column":48}},"17":{"start":{"line":45,"column":2},"end":{"line":45,"column":21}}},"fnMap":{"0":{"name":"TemplateMixin","decl":{"start":{"line":3,"column":24},"end":{"line":3,"column":37}},"loc":{"start":{"line":3,"column":44},"end":{"line":32,"column":1}},"line":3},"1":{"name":"(anonymous_1)","decl":{"start":{"line":5,"column":4},"end":{"line":5,"column":5}},"loc":{"start":{"line":5,"column":18},"end":{"line":29,"column":5}},"line":5},"2":{"name":"(anonymous_2)","decl":{"start":{"line":39,"column":29},"end":{"line":39,"column":30}},"loc":{"start":{"line":39,"column":42},"end":{"line":46,"column":1}},"line":39}},"branchMap":{"0":{"loc":{"start":{"line":11,"column":6},"end":{"line":11,"column":43}},"type":"if","locations":[{"start":{"line":11,"column":6},"end":{"line":11,"column":43}},{"start":{"line":11,"column":6},"end":{"line":11,"column":43}}],"line":11},"1":{"loc":{"start":{"line":13,"column":6},"end":{"line":28,"column":7}},"type":"if","locations":[{"start":{"line":13,"column":6},"end":{"line":28,"column":7}},{"start":{"line":13,"column":6},"end":{"line":28,"column":7}}],"line":13},"2":{"loc":{"start":{"line":19,"column":25},"end":{"line":19,"column":70}},"type":"binary-expr","locations":[{"start":{"line":19,"column":25},"end":{"line":19,"column":62}},{"start":{"line":19,"column":66},"end":{"line":19,"column":70}}],"line":19},"3":{"loc":{"start":{"line":27,"column":25},"end":{"line":27,"column":68}},"type":"binary-expr","locations":[{"start":{"line":27,"column":25},"end":{"line":27,"column":60}},{"start":{"line":27,"column":64},"end":{"line":27,"column":68}}],"line":27},"4":{"loc":{"start":{"line":42,"column":4},"end":{"line":43,"column":48}},"type":"if","locations":[{"start":{"line":42,"column":4},"end":{"line":43,"column":48}},{"start":{"line":42,"column":4},"end":{"line":43,"column":48}}],"line":42}},"s":{"0":1,"1":1,"2":1,"3":1,"4":0,"5":1,"6":1,"7":1,"8":1,"9":0,"10":0,"11":1,"12":1,"13":1,"14":1,"15":14,"16":1,"17":1},"f":{"0":1,"1":1,"2":1},"b":{"0":[0,1],"1":[1,0],"2":[1,0],"3":[0,0],"4":[1,13]},"_coverageSchema":"1a1c01bbd47fc00a2c39e90264f33305004495a9","hash":"f01660d7967dfb792c632b06682b8cf463631b6d"}
,"/home/Philippe.Quemener/Workspace/ux-library/src/core/base/utils.js": {"path":"/home/Philippe.Quemener/Workspace/ux-library/src/core/base/utils.js","statementMap":{"0":{"start":{"line":6,"column":34},"end":{"line":24,"column":1}},"1":{"start":{"line":7,"column":18},"end":{"line":7,"column":20}},"2":{"start":{"line":8,"column":18},"end":{"line":8,"column":22}},"3":{"start":{"line":9,"column":2},"end":{"line":22,"column":3}},"4":{"start":{"line":10,"column":4},"end":{"line":11,"column":75}},"5":{"start":{"line":12,"column":4},"end":{"line":20,"column":12}},"6":{"start":{"line":20,"column":6},"end":{"line":20,"column":12}},"7":{"start":{"line":21,"column":4},"end":{"line":21,"column":32}},"8":{"start":{"line":23,"column":2},"end":{"line":23,"column":19}},"9":{"start":{"line":30,"column":28},"end":{"line":47,"column":1}},"10":{"start":{"line":31,"column":18},"end":{"line":31,"column":20}},"11":{"start":{"line":32,"column":18},"end":{"line":32,"column":22}},"12":{"start":{"line":33,"column":2},"end":{"line":45,"column":3}},"13":{"start":{"line":34,"column":4},"end":{"line":35,"column":75}},"14":{"start":{"line":36,"column":4},"end":{"line":43,"column":12}},"15":{"start":{"line":43,"column":6},"end":{"line":43,"column":12}},"16":{"start":{"line":44,"column":4},"end":{"line":44,"column":32}},"17":{"start":{"line":46,"column":2},"end":{"line":46,"column":19}},"18":{"start":{"line":58,"column":28},"end":{"line":88,"column":1}},"19":{"start":{"line":59,"column":11},"end":{"line":59,"column":30}},"20":{"start":{"line":62,"column":6},"end":{"line":64,"column":13}},"21":{"start":{"line":65,"column":2},"end":{"line":70,"column":3}},"22":{"start":{"line":66,"column":4},"end":{"line":66,"column":43}},"23":{"start":{"line":67,"column":4},"end":{"line":69,"column":6}},"24":{"start":{"line":71,"column":2},"end":{"line":81,"column":3}},"25":{"start":{"line":72,"column":4},"end":{"line":72,"column":42}},"26":{"start":{"line":73,"column":4},"end":{"line":80,"column":5}},"27":{"start":{"line":74,"column":6},"end":{"line":79,"column":8}},"28":{"start":{"line":82,"column":2},"end":{"line":82,"column":76}},"29":{"start":{"line":83,"column":2},"end":{"line":83,"column":74}},"30":{"start":{"line":83,"column":51},"end":{"line":83,"column":74}},"31":{"start":{"line":84,"column":2},"end":{"line":87,"column":4}}},"fnMap":{"0":{"name":"(anonymous_0)","decl":{"start":{"line":6,"column":34},"end":{"line":6,"column":35}},"loc":{"start":{"line":6,"column":46},"end":{"line":24,"column":1}},"line":6},"1":{"name":"(anonymous_1)","decl":{"start":{"line":30,"column":28},"end":{"line":30,"column":29}},"loc":{"start":{"line":30,"column":40},"end":{"line":47,"column":1}},"line":30},"2":{"name":"(anonymous_2)","decl":{"start":{"line":58,"column":28},"end":{"line":58,"column":29}},"loc":{"start":{"line":58,"column":34},"end":{"line":88,"column":1}},"line":58}},"branchMap":{"0":{"loc":{"start":{"line":11,"column":6},"end":{"line":11,"column":74}},"type":"cond-expr","locations":[{"start":{"line":11,"column":29},"end":{"line":11,"column":37}},{"start":{"line":11,"column":40},"end":{"line":11,"column":74}}],"line":11},"1":{"loc":{"start":{"line":12,"column":4},"end":{"line":20,"column":12}},"type":"if","locations":[{"start":{"line":12,"column":4},"end":{"line":20,"column":12}},{"start":{"line":12,"column":4},"end":{"line":20,"column":12}}],"line":12},"2":{"loc":{"start":{"line":13,"column":6},"end":{"line":18,"column":69}},"type":"binary-expr","locations":[{"start":{"line":13,"column":6},"end":{"line":13,"column":18}},{"start":{"line":14,"column":6},"end":{"line":14,"column":30}},{"start":{"line":15,"column":6},"end":{"line":15,"column":45}},{"start":{"line":16,"column":6},"end":{"line":16,"column":42}},{"start":{"line":17,"column":6},"end":{"line":17,"column":40}},{"start":{"line":18,"column":6},"end":{"line":18,"column":69}}],"line":13},"3":{"loc":{"start":{"line":35,"column":6},"end":{"line":35,"column":74}},"type":"cond-expr","locations":[{"start":{"line":35,"column":29},"end":{"line":35,"column":37}},{"start":{"line":35,"column":40},"end":{"line":35,"column":74}}],"line":35},"4":{"loc":{"start":{"line":36,"column":4},"end":{"line":43,"column":12}},"type":"if","locations":[{"start":{"line":36,"column":4},"end":{"line":43,"column":12}},{"start":{"line":36,"column":4},"end":{"line":43,"column":12}}],"line":36},"5":{"loc":{"start":{"line":37,"column":6},"end":{"line":41,"column":45}},"type":"binary-expr","locations":[{"start":{"line":37,"column":6},"end":{"line":37,"column":18}},{"start":{"line":38,"column":6},"end":{"line":38,"column":33}},{"start":{"line":39,"column":6},"end":{"line":39,"column":30}},{"start":{"line":40,"column":6},"end":{"line":40,"column":28}},{"start":{"line":41,"column":6},"end":{"line":41,"column":45}}],"line":37},"6":{"loc":{"start":{"line":62,"column":6},"end":{"line":64,"column":13}},"type":"binary-expr","locations":[{"start":{"line":62,"column":6},"end":{"line":64,"column":7}},{"start":{"line":64,"column":11},"end":{"line":64,"column":13}}],"line":62},"7":{"loc":{"start":{"line":65,"column":2},"end":{"line":70,"column":3}},"type":"if","locations":[{"start":{"line":65,"column":2},"end":{"line":70,"column":3}},{"start":{"line":65,"column":2},"end":{"line":70,"column":3}}],"line":65},"8":{"loc":{"start":{"line":66,"column":10},"end":{"line":66,"column":42}},"type":"binary-expr","locations":[{"start":{"line":66,"column":10},"end":{"line":66,"column":36}},{"start":{"line":66,"column":40},"end":{"line":66,"column":42}}],"line":66},"9":{"loc":{"start":{"line":68,"column":21},"end":{"line":68,"column":33}},"type":"binary-expr","locations":[{"start":{"line":68,"column":21},"end":{"line":68,"column":27}},{"start":{"line":68,"column":31},"end":{"line":68,"column":33}}],"line":68},"10":{"loc":{"start":{"line":71,"column":2},"end":{"line":81,"column":3}},"type":"if","locations":[{"start":{"line":71,"column":2},"end":{"line":81,"column":3}},{"start":{"line":71,"column":2},"end":{"line":81,"column":3}}],"line":71},"11":{"loc":{"start":{"line":73,"column":4},"end":{"line":80,"column":5}},"type":"if","locations":[{"start":{"line":73,"column":4},"end":{"line":80,"column":5}},{"start":{"line":73,"column":4},"end":{"line":80,"column":5}}],"line":73},"12":{"loc":{"start":{"line":82,"column":6},"end":{"line":82,"column":75}},"type":"cond-expr","locations":[{"start":{"line":82,"column":13},"end":{"line":82,"column":25}},{"start":{"line":82,"column":28},"end":{"line":82,"column":75}}],"line":82},"13":{"loc":{"start":{"line":83,"column":2},"end":{"line":83,"column":74}},"type":"if","locations":[{"start":{"line":83,"column":2},"end":{"line":83,"column":74}},{"start":{"line":83,"column":2},"end":{"line":83,"column":74}}],"line":83}},"s":{"0":1,"1":3,"2":3,"3":3,"4":45,"5":45,"6":3,"7":42,"8":3,"9":1,"10":1,"11":1,"12":1,"13":15,"14":15,"15":1,"16":14,"17":1,"18":1,"19":0,"20":0,"21":0,"22":0,"23":0,"24":0,"25":0,"26":0,"27":0,"28":0,"29":0,"30":0,"31":0},"f":{"0":3,"1":1,"2":0},"b":{"0":[3,42],"1":[3,42],"2":[45,45,45,42,42,42],"3":[1,14],"4":[1,14],"5":[15,15,14,14,14],"6":[0,0],"7":[0,0],"8":[0,0],"9":[0,0],"10":[0,0],"11":[0,0],"12":[0,0],"13":[0,0]},"_coverageSchema":"1a1c01bbd47fc00a2c39e90264f33305004495a9","hash":"b0ada086b4be6d417332f09392d8f988f638c44f"}
,"/home/Philippe.Quemener/Workspace/ux-library/src/core/components/formulaires/buttons/button.component.js": {"path":"/home/Philippe.Quemener/Workspace/ux-library/src/core/components/formulaires/buttons/button.component.js","statementMap":{"0":{"start":{"line":9,"column":13},"end":{"line":15,"column":1}},"1":{"start":{"line":17,"column":12},"end":{"line":17,"column":46}},"2":{"start":{"line":18,"column":0},"end":{"line":19,"column":80}},"3":{"start":{"line":40,"column":4},"end":{"line":59,"column":6}},"4":{"start":{"line":63,"column":4},"end":{"line":63,"column":15}},"5":{"start":{"line":67,"column":4},"end":{"line":68,"column":63}},"6":{"start":{"line":68,"column":6},"end":{"line":68,"column":63}},"7":{"start":{"line":69,"column":4},"end":{"line":69,"column":32}},"8":{"start":{"line":69,"column":25},"end":{"line":69,"column":32}},"9":{"start":{"line":70,"column":4},"end":{"line":86,"column":5}},"10":{"start":{"line":72,"column":8},"end":{"line":72,"column":25}},"11":{"start":{"line":73,"column":8},"end":{"line":73,"column":14}},"12":{"start":{"line":75,"column":8},"end":{"line":75,"column":63}},"13":{"start":{"line":76,"column":8},"end":{"line":76,"column":14}},"14":{"start":{"line":78,"column":8},"end":{"line":78,"column":27}},"15":{"start":{"line":79,"column":8},"end":{"line":79,"column":14}},"16":{"start":{"line":81,"column":8},"end":{"line":81,"column":38}},"17":{"start":{"line":82,"column":8},"end":{"line":82,"column":14}},"18":{"start":{"line":84,"column":8},"end":{"line":84,"column":25}},"19":{"start":{"line":85,"column":8},"end":{"line":85,"column":14}},"20":{"start":{"line":90,"column":4},"end":{"line":90,"column":59}},"21":{"start":{"line":90,"column":33},"end":{"line":90,"column":59}},"22":{"start":{"line":92,"column":4},"end":{"line":92,"column":21}},"23":{"start":{"line":99,"column":4},"end":{"line":119,"column":5}},"24":{"start":{"line":103,"column":8},"end":{"line":108,"column":10}},"25":{"start":{"line":109,"column":8},"end":{"line":109,"column":70}},"26":{"start":{"line":110,"column":8},"end":{"line":110,"column":14}},"27":{"start":{"line":112,"column":8},"end":{"line":117,"column":10}},"28":{"start":{"line":118,"column":8},"end":{"line":118,"column":55}},"29":{"start":{"line":123,"column":4},"end":{"line":127,"column":5}},"30":{"start":{"line":124,"column":6},"end":{"line":124,"column":64}},"31":{"start":{"line":126,"column":6},"end":{"line":126,"column":51}},"32":{"start":{"line":131,"column":24},"end":{"line":133,"column":5}},"33":{"start":{"line":134,"column":4},"end":{"line":142,"column":5}},"34":{"start":{"line":135,"column":6},"end":{"line":135,"column":58}},"35":{"start":{"line":136,"column":6},"end":{"line":136,"column":77}},"36":{"start":{"line":136,"column":23},"end":{"line":136,"column":77}},"37":{"start":{"line":138,"column":6},"end":{"line":138,"column":86}},"38":{"start":{"line":140,"column":6},"end":{"line":140,"column":46}},"39":{"start":{"line":141,"column":6},"end":{"line":141,"column":77}},"40":{"start":{"line":141,"column":23},"end":{"line":141,"column":77}},"41":{"start":{"line":146,"column":4},"end":{"line":152,"column":5}},"42":{"start":{"line":147,"column":6},"end":{"line":147,"column":47}},"43":{"start":{"line":148,"column":6},"end":{"line":148,"column":53}},"44":{"start":{"line":150,"column":6},"end":{"line":150,"column":44}},"45":{"start":{"line":151,"column":6},"end":{"line":151,"column":56}}},"fnMap":{"0":{"name":"(anonymous_0)","decl":{"start":{"line":39,"column":2},"end":{"line":39,"column":3}},"loc":{"start":{"line":39,"column":26},"end":{"line":60,"column":3}},"line":39},"1":{"name":"(anonymous_1)","decl":{"start":{"line":62,"column":2},"end":{"line":62,"column":3}},"loc":{"start":{"line":62,"column":13},"end":{"line":64,"column":3}},"line":62},"2":{"name":"(anonymous_2)","decl":{"start":{"line":66,"column":2},"end":{"line":66,"column":3}},"loc":{"start":{"line":66,"column":53},"end":{"line":87,"column":3}},"line":66},"3":{"name":"(anonymous_3)","decl":{"start":{"line":89,"column":2},"end":{"line":89,"column":3}},"loc":{"start":{"line":89,"column":22},"end":{"line":93,"column":3}},"line":89},"4":{"name":"(anonymous_4)","decl":{"start":{"line":98,"column":2},"end":{"line":98,"column":3}},"loc":{"start":{"line":98,"column":14},"end":{"line":120,"column":3}},"line":98},"5":{"name":"(anonymous_5)","decl":{"start":{"line":122,"column":2},"end":{"line":122,"column":3}},"loc":{"start":{"line":122,"column":27},"end":{"line":128,"column":3}},"line":122},"6":{"name":"(anonymous_6)","decl":{"start":{"line":130,"column":2},"end":{"line":130,"column":3}},"loc":{"start":{"line":130,"column":14},"end":{"line":143,"column":3}},"line":130},"7":{"name":"(anonymous_7)","decl":{"start":{"line":145,"column":2},"end":{"line":145,"column":3}},"loc":{"start":{"line":145,"column":16},"end":{"line":153,"column":3}},"line":145}},"branchMap":{"0":{"loc":{"start":{"line":67,"column":4},"end":{"line":68,"column":63}},"type":"if","locations":[{"start":{"line":67,"column":4},"end":{"line":68,"column":63}},{"start":{"line":67,"column":4},"end":{"line":68,"column":63}}],"line":67},"1":{"loc":{"start":{"line":69,"column":4},"end":{"line":69,"column":32}},"type":"if","locations":[{"start":{"line":69,"column":4},"end":{"line":69,"column":32}},{"start":{"line":69,"column":4},"end":{"line":69,"column":32}}],"line":69},"2":{"loc":{"start":{"line":70,"column":4},"end":{"line":86,"column":5}},"type":"switch","locations":[{"start":{"line":71,"column":6},"end":{"line":73,"column":14}},{"start":{"line":74,"column":6},"end":{"line":76,"column":14}},{"start":{"line":77,"column":6},"end":{"line":79,"column":14}},{"start":{"line":80,"column":6},"end":{"line":82,"column":14}},{"start":{"line":83,"column":6},"end":{"line":85,"column":14}}],"line":70},"3":{"loc":{"start":{"line":90,"column":4},"end":{"line":90,"column":59}},"type":"if","locations":[{"start":{"line":90,"column":4},"end":{"line":90,"column":59}},{"start":{"line":90,"column":4},"end":{"line":90,"column":59}}],"line":90},"4":{"loc":{"start":{"line":99,"column":4},"end":{"line":119,"column":5}},"type":"switch","locations":[{"start":{"line":100,"column":6},"end":{"line":100,"column":21}},{"start":{"line":101,"column":6},"end":{"line":101,"column":23}},{"start":{"line":102,"column":6},"end":{"line":110,"column":14}},{"start":{"line":111,"column":6},"end":{"line":118,"column":55}}],"line":99},"5":{"loc":{"start":{"line":123,"column":4},"end":{"line":127,"column":5}},"type":"if","locations":[{"start":{"line":123,"column":4},"end":{"line":127,"column":5}},{"start":{"line":123,"column":4},"end":{"line":127,"column":5}}],"line":123},"6":{"loc":{"start":{"line":134,"column":4},"end":{"line":142,"column":5}},"type":"if","locations":[{"start":{"line":134,"column":4},"end":{"line":142,"column":5}},{"start":{"line":134,"column":4},"end":{"line":142,"column":5}}],"line":134},"7":{"loc":{"start":{"line":134,"column":8},"end":{"line":134,"column":47}},"type":"binary-expr","locations":[{"start":{"line":134,"column":8},"end":{"line":134,"column":21}},{"start":{"line":134,"column":25},"end":{"line":134,"column":47}}],"line":134},"8":{"loc":{"start":{"line":136,"column":6},"end":{"line":136,"column":77}},"type":"if","locations":[{"start":{"line":136,"column":6},"end":{"line":136,"column":77}},{"start":{"line":136,"column":6},"end":{"line":136,"column":77}}],"line":136},"9":{"loc":{"start":{"line":141,"column":6},"end":{"line":141,"column":77}},"type":"if","locations":[{"start":{"line":141,"column":6},"end":{"line":141,"column":77}},{"start":{"line":141,"column":6},"end":{"line":141,"column":77}}],"line":141},"10":{"loc":{"start":{"line":146,"column":4},"end":{"line":152,"column":5}},"type":"if","locations":[{"start":{"line":146,"column":4},"end":{"line":152,"column":5}},{"start":{"line":146,"column":4},"end":{"line":152,"column":5}}],"line":146}},"s":{"0":1,"1":1,"2":1,"3":2,"4":1,"5":19,"6":19,"7":19,"8":0,"9":19,"10":2,"11":2,"12":2,"13":2,"14":2,"15":2,"16":2,"17":2,"18":2,"19":2,"20":1,"21":1,"22":1,"23":2,"24":2,"25":2,"26":2,"27":0,"28":0,"29":2,"30":1,"31":1,"32":3,"33":3,"34":1,"35":1,"36":0,"37":1,"38":2,"39":2,"40":1,"41":2,"42":1,"43":1,"44":1,"45":1},"f":{"0":2,"1":1,"2":19,"3":1,"4":2,"5":2,"6":3,"7":2},"b":{"0":[19,0],"1":[0,19],"2":[2,2,2,2,2],"3":[1,0],"4":[1,2,2,0],"5":[1,1],"6":[1,2],"7":[3,1],"8":[0,1],"9":[1,1],"10":[1,1]},"_coverageSchema":"1a1c01bbd47fc00a2c39e90264f33305004495a9","hash":"9616f95eeaa0dae2e4d61e4fb1e36b939eee1312"}
,"/home/Philippe.Quemener/Workspace/ux-library/src/core/mixins/aria/delegateFocus.mixin.js": {"path":"/home/Philippe.Quemener/Workspace/ux-library/src/core/mixins/aria/delegateFocus.mixin.js","statementMap":{"0":{"start":{"line":10,"column":6},"end":{"line":10,"column":14}},"1":{"start":{"line":11,"column":6},"end":{"line":11,"column":77}},"2":{"start":{"line":12,"column":6},"end":{"line":12,"column":59}},"3":{"start":{"line":16,"column":6},"end":{"line":16,"column":61}},"4":{"start":{"line":16,"column":35},"end":{"line":16,"column":61}},"5":{"start":{"line":17,"column":6},"end":{"line":17,"column":58}},"6":{"start":{"line":21,"column":6},"end":{"line":21,"column":67}},"7":{"start":{"line":21,"column":38},"end":{"line":21,"column":67}},"8":{"start":{"line":22,"column":6},"end":{"line":22,"column":61}},"9":{"start":{"line":26,"column":6},"end":{"line":26,"column":40}},"10":{"start":{"line":29,"column":2},"end":{"line":29,"column":27}}},"fnMap":{"0":{"name":"AriaDelegateFocus","decl":{"start":{"line":1,"column":24},"end":{"line":1,"column":41}},"loc":{"start":{"line":1,"column":48},"end":{"line":30,"column":1}},"line":1},"1":{"name":"(anonymous_1)","decl":{"start":{"line":9,"column":4},"end":{"line":9,"column":5}},"loc":{"start":{"line":9,"column":18},"end":{"line":13,"column":5}},"line":9},"2":{"name":"(anonymous_2)","decl":{"start":{"line":15,"column":4},"end":{"line":15,"column":5}},"loc":{"start":{"line":15,"column":24},"end":{"line":18,"column":5}},"line":15},"3":{"name":"(anonymous_3)","decl":{"start":{"line":20,"column":4},"end":{"line":20,"column":5}},"loc":{"start":{"line":20,"column":27},"end":{"line":23,"column":5}},"line":20},"4":{"name":"(anonymous_4)","decl":{"start":{"line":25,"column":4},"end":{"line":25,"column":5}},"loc":{"start":{"line":25,"column":21},"end":{"line":27,"column":5}},"line":25}},"branchMap":{"0":{"loc":{"start":{"line":16,"column":6},"end":{"line":16,"column":61}},"type":"if","locations":[{"start":{"line":16,"column":6},"end":{"line":16,"column":61}},{"start":{"line":16,"column":6},"end":{"line":16,"column":61}}],"line":16},"1":{"loc":{"start":{"line":21,"column":6},"end":{"line":21,"column":67}},"type":"if","locations":[{"start":{"line":21,"column":6},"end":{"line":21,"column":67}},{"start":{"line":21,"column":6},"end":{"line":21,"column":67}}],"line":21}},"s":{"0":1,"1":1,"2":1,"3":1,"4":1,"5":1,"6":1,"7":1,"8":1,"9":1,"10":1},"f":{"0":1,"1":1,"2":1,"3":1,"4":1},"b":{"0":[1,0],"1":[1,0]},"_coverageSchema":"1a1c01bbd47fc00a2c39e90264f33305004495a9","hash":"225d83c5560028ff96f554049abd0c503972908d"}
,"/home/Philippe.Quemener/Workspace/ux-library/src/core/mixins/aria/hidden-style.mixin.js": {"path":"/home/Philippe.Quemener/Workspace/ux-library/src/core/mixins/aria/hidden-style.mixin.js","statementMap":{"0":{"start":{"line":14,"column":6},"end":{"line":14,"column":37}},"1":{"start":{"line":18,"column":2},"end":{"line":18,"column":30}}},"fnMap":{"0":{"name":"AriaHiddenStyleMixin","decl":{"start":{"line":11,"column":24},"end":{"line":11,"column":44}},"loc":{"start":{"line":11,"column":51},"end":{"line":19,"column":1}},"line":11},"1":{"name":"(anonymous_1)","decl":{"start":{"line":13,"column":4},"end":{"line":13,"column":5}},"loc":{"start":{"line":13,"column":23},"end":{"line":15,"column":5}},"line":13}},"branchMap":{},"s":{"0":1,"1":1},"f":{"0":1,"1":1},"b":{},"_coverageSchema":"1a1c01bbd47fc00a2c39e90264f33305004495a9","hash":"2d10cf4dfacf2dcc80203bee92c04563d5e4e01a"}
,"/home/Philippe.Quemener/Workspace/ux-library/src/core/mixins/event/triggerEl.mixin.js": {"path":"/home/Philippe.Quemener/Workspace/ux-library/src/core/mixins/event/triggerEl.mixin.js","statementMap":{"0":{"start":{"line":19,"column":6},"end":{"line":23,"column":8}},"1":{"start":{"line":27,"column":6},"end":{"line":27,"column":14}},"2":{"start":{"line":28,"column":6},"end":{"line":28,"column":57}},"3":{"start":{"line":29,"column":6},"end":{"line":29,"column":26}},"4":{"start":{"line":33,"column":6},"end":{"line":33,"column":61}},"5":{"start":{"line":33,"column":35},"end":{"line":33,"column":61}},"6":{"start":{"line":36,"column":6},"end":{"line":36,"column":30}},"7":{"start":{"line":36,"column":23},"end":{"line":36,"column":30}},"8":{"start":{"line":38,"column":6},"end":{"line":38,"column":67}},"9":{"start":{"line":39,"column":6},"end":{"line":39,"column":25}},"10":{"start":{"line":43,"column":6},"end":{"line":43,"column":67}},"11":{"start":{"line":43,"column":38},"end":{"line":43,"column":67}},"12":{"start":{"line":44,"column":6},"end":{"line":44,"column":70}},"13":{"start":{"line":45,"column":6},"end":{"line":45,"column":26}},"14":{"start":{"line":49,"column":6},"end":{"line":49,"column":33}},"15":{"start":{"line":49,"column":26},"end":{"line":49,"column":33}},"16":{"start":{"line":51,"column":21},"end":{"line":51,"column":59}},"17":{"start":{"line":53,"column":6},"end":{"line":53,"column":26}},"18":{"start":{"line":53,"column":19},"end":{"line":53,"column":26}},"19":{"start":{"line":57,"column":6},"end":{"line":57,"column":33}},"20":{"start":{"line":60,"column":2},"end":{"line":60,"column":24}}},"fnMap":{"0":{"name":"TriggerElMixin","decl":{"start":{"line":1,"column":24},"end":{"line":1,"column":38}},"loc":{"start":{"line":1,"column":45},"end":{"line":61,"column":1}},"line":1},"1":{"name":"(anonymous_1)","decl":{"start":{"line":18,"column":4},"end":{"line":18,"column":5}},"loc":{"start":{"line":18,"column":28},"end":{"line":24,"column":5}},"line":18},"2":{"name":"(anonymous_2)","decl":{"start":{"line":26,"column":4},"end":{"line":26,"column":5}},"loc":{"start":{"line":26,"column":18},"end":{"line":30,"column":5}},"line":26},"3":{"name":"(anonymous_3)","decl":{"start":{"line":32,"column":4},"end":{"line":32,"column":5}},"loc":{"start":{"line":32,"column":24},"end":{"line":40,"column":5}},"line":32},"4":{"name":"(anonymous_4)","decl":{"start":{"line":42,"column":4},"end":{"line":42,"column":5}},"loc":{"start":{"line":42,"column":27},"end":{"line":46,"column":5}},"line":42},"5":{"name":"(anonymous_5)","decl":{"start":{"line":48,"column":4},"end":{"line":48,"column":5}},"loc":{"start":{"line":48,"column":20},"end":{"line":58,"column":5}},"line":48}},"branchMap":{"0":{"loc":{"start":{"line":33,"column":6},"end":{"line":33,"column":61}},"type":"if","locations":[{"start":{"line":33,"column":6},"end":{"line":33,"column":61}},{"start":{"line":33,"column":6},"end":{"line":33,"column":61}}],"line":33},"1":{"loc":{"start":{"line":36,"column":6},"end":{"line":36,"column":30}},"type":"if","locations":[{"start":{"line":36,"column":6},"end":{"line":36,"column":30}},{"start":{"line":36,"column":6},"end":{"line":36,"column":30}}],"line":36},"2":{"loc":{"start":{"line":43,"column":6},"end":{"line":43,"column":67}},"type":"if","locations":[{"start":{"line":43,"column":6},"end":{"line":43,"column":67}},{"start":{"line":43,"column":6},"end":{"line":43,"column":67}}],"line":43},"3":{"loc":{"start":{"line":49,"column":6},"end":{"line":49,"column":33}},"type":"if","locations":[{"start":{"line":49,"column":6},"end":{"line":49,"column":33}},{"start":{"line":49,"column":6},"end":{"line":49,"column":33}}],"line":49},"4":{"loc":{"start":{"line":53,"column":6},"end":{"line":53,"column":26}},"type":"if","locations":[{"start":{"line":53,"column":6},"end":{"line":53,"column":26}},{"start":{"line":53,"column":6},"end":{"line":53,"column":26}}],"line":53}},"s":{"0":2,"1":1,"2":1,"3":1,"4":1,"5":1,"6":1,"7":0,"8":1,"9":1,"10":1,"11":0,"12":1,"13":1,"14":2,"15":0,"16":2,"17":2,"18":0,"19":2,"20":1},"f":{"0":1,"1":2,"2":1,"3":1,"4":1,"5":2},"b":{"0":[1,0],"1":[0,1],"2":[0,1],"3":[0,2],"4":[0,2]},"_coverageSchema":"1a1c01bbd47fc00a2c39e90264f33305004495a9","hash":"0c3f9b3e74f3558be3a80a80953a472cf9abec3e"}
,"/home/Philippe.Quemener/Workspace/ux-library/src/core/mixins/layout/elementAlignment.mixin.js": {"path":"/home/Philippe.Quemener/Workspace/ux-library/src/core/mixins/layout/elementAlignment.mixin.js","statementMap":{"0":{"start":{"line":14,"column":6},"end":{"line":24,"column":8}},"1":{"start":{"line":28,"column":6},"end":{"line":29,"column":65}},"2":{"start":{"line":29,"column":8},"end":{"line":29,"column":65}},"3":{"start":{"line":30,"column":6},"end":{"line":30,"column":40}},"4":{"start":{"line":30,"column":33},"end":{"line":30,"column":40}},"5":{"start":{"line":31,"column":6},"end":{"line":67,"column":7}},"6":{"start":{"line":33,"column":10},"end":{"line":43,"column":11}},"7":{"start":{"line":34,"column":12},"end":{"line":34,"column":51}},"8":{"start":{"line":35,"column":12},"end":{"line":35,"column":53}},"9":{"start":{"line":36,"column":12},"end":{"line":36,"column":54}},"10":{"start":{"line":37,"column":12},"end":{"line":37,"column":51}},"11":{"start":{"line":39,"column":12},"end":{"line":39,"column":54}},"12":{"start":{"line":40,"column":12},"end":{"line":40,"column":63}},"13":{"start":{"line":41,"column":12},"end":{"line":41,"column":64}},"14":{"start":{"line":42,"column":12},"end":{"line":42,"column":59}},"15":{"start":{"line":44,"column":10},"end":{"line":44,"column":16}},"16":{"start":{"line":46,"column":10},"end":{"line":54,"column":11}},"17":{"start":{"line":47,"column":12},"end":{"line":47,"column":49}},"18":{"start":{"line":48,"column":12},"end":{"line":48,"column":54}},"19":{"start":{"line":49,"column":12},"end":{"line":49,"column":51}},"20":{"start":{"line":51,"column":12},"end":{"line":51,"column":52}},"21":{"start":{"line":52,"column":12},"end":{"line":52,"column":64}},"22":{"start":{"line":53,"column":12},"end":{"line":53,"column":59}},"23":{"start":{"line":55,"column":10},"end":{"line":55,"column":16}},"24":{"start":{"line":57,"column":10},"end":{"line":65,"column":11}},"25":{"start":{"line":58,"column":12},"end":{"line":58,"column":50}},"26":{"start":{"line":59,"column":12},"end":{"line":59,"column":53}},"27":{"start":{"line":60,"column":12},"end":{"line":60,"column":51}},"28":{"start":{"line":62,"column":12},"end":{"line":62,"column":53}},"29":{"start":{"line":63,"column":12},"end":{"line":63,"column":63}},"30":{"start":{"line":64,"column":12},"end":{"line":64,"column":59}},"31":{"start":{"line":66,"column":10},"end":{"line":66,"column":16}},"32":{"start":{"line":70,"column":2},"end":{"line":70,"column":31}}},"fnMap":{"0":{"name":"ElementAlignmentMixin","decl":{"start":{"line":1,"column":24},"end":{"line":1,"column":45}},"loc":{"start":{"line":1,"column":52},"end":{"line":71,"column":1}},"line":1},"1":{"name":"(anonymous_1)","decl":{"start":{"line":13,"column":4},"end":{"line":13,"column":5}},"loc":{"start":{"line":13,"column":28},"end":{"line":25,"column":5}},"line":13},"2":{"name":"(anonymous_2)","decl":{"start":{"line":27,"column":4},"end":{"line":27,"column":5}},"loc":{"start":{"line":27,"column":55},"end":{"line":68,"column":5}},"line":27}},"branchMap":{"0":{"loc":{"start":{"line":28,"column":6},"end":{"line":29,"column":65}},"type":"if","locations":[{"start":{"line":28,"column":6},"end":{"line":29,"column":65}},{"start":{"line":28,"column":6},"end":{"line":29,"column":65}}],"line":28},"1":{"loc":{"start":{"line":30,"column":6},"end":{"line":30,"column":40}},"type":"if","locations":[{"start":{"line":30,"column":6},"end":{"line":30,"column":40}},{"start":{"line":30,"column":6},"end":{"line":30,"column":40}}],"line":30},"2":{"loc":{"start":{"line":31,"column":6},"end":{"line":67,"column":7}},"type":"switch","locations":[{"start":{"line":32,"column":8},"end":{"line":44,"column":16}},{"start":{"line":45,"column":8},"end":{"line":55,"column":16}},{"start":{"line":56,"column":8},"end":{"line":66,"column":16}}],"line":31},"3":{"loc":{"start":{"line":33,"column":10},"end":{"line":43,"column":11}},"type":"if","locations":[{"start":{"line":33,"column":10},"end":{"line":43,"column":11}},{"start":{"line":33,"column":10},"end":{"line":43,"column":11}}],"line":33},"4":{"loc":{"start":{"line":46,"column":10},"end":{"line":54,"column":11}},"type":"if","locations":[{"start":{"line":46,"column":10},"end":{"line":54,"column":11}},{"start":{"line":46,"column":10},"end":{"line":54,"column":11}}],"line":46},"5":{"loc":{"start":{"line":57,"column":10},"end":{"line":65,"column":11}},"type":"if","locations":[{"start":{"line":57,"column":10},"end":{"line":65,"column":11}},{"start":{"line":57,"column":10},"end":{"line":65,"column":11}}],"line":57}},"s":{"0":2,"1":19,"2":19,"3":19,"4":0,"5":19,"6":2,"7":1,"8":1,"9":1,"10":1,"11":1,"12":1,"13":1,"14":1,"15":2,"16":2,"17":1,"18":1,"19":1,"20":1,"21":1,"22":1,"23":2,"24":2,"25":1,"26":1,"27":1,"28":1,"29":1,"30":1,"31":2,"32":1},"f":{"0":1,"1":2,"2":19},"b":{"0":[19,0],"1":[0,19],"2":[2,2,2],"3":[1,1],"4":[1,1],"5":[1,1]},"_coverageSchema":"1a1c01bbd47fc00a2c39e90264f33305004495a9","hash":"33cc7b4c27f81b16acc8d66760c1fa4dbb745a01"}
,"/home/Philippe.Quemener/Workspace/ux-library/src/core/mixins/styles/btnNoStyle.mixin.js": {"path":"/home/Philippe.Quemener/Workspace/ux-library/src/core/mixins/styles/btnNoStyle.mixin.js","statementMap":{"0":{"start":{"line":15,"column":6},"end":{"line":15,"column":37}},"1":{"start":{"line":18,"column":2},"end":{"line":18,"column":25}}},"fnMap":{"0":{"name":"BtnNoStyleMixin","decl":{"start":{"line":3,"column":24},"end":{"line":3,"column":39}},"loc":{"start":{"line":3,"column":46},"end":{"line":19,"column":1}},"line":3},"1":{"name":"(anonymous_1)","decl":{"start":{"line":14,"column":4},"end":{"line":14,"column":5}},"loc":{"start":{"line":14,"column":23},"end":{"line":16,"column":5}},"line":14}},"branchMap":{},"s":{"0":1,"1":1},"f":{"0":1,"1":1},"b":{},"_coverageSchema":"1a1c01bbd47fc00a2c39e90264f33305004495a9","hash":"5c2396143df79eb86e715271a1bc97e8bdee0cb1"}
,"/home/Philippe.Quemener/Workspace/ux-library/src/core/mixins/styles/btnOutlined.mixin.js": {"path":"/home/Philippe.Quemener/Workspace/ux-library/src/core/mixins/styles/btnOutlined.mixin.js","statementMap":{"0":{"start":{"line":12,"column":6},"end":{"line":16,"column":8}},"1":{"start":{"line":20,"column":6},"end":{"line":21,"column":65}},"2":{"start":{"line":21,"column":8},"end":{"line":21,"column":65}},"3":{"start":{"line":22,"column":6},"end":{"line":22,"column":40}},"4":{"start":{"line":22,"column":33},"end":{"line":22,"column":40}},"5":{"start":{"line":24,"column":6},"end":{"line":25,"column":63}},"6":{"start":{"line":25,"column":8},"end":{"line":25,"column":63}},"7":{"start":{"line":28,"column":2},"end":{"line":28,"column":23}}},"fnMap":{"0":{"name":"OutlinedMixin","decl":{"start":{"line":1,"column":24},"end":{"line":1,"column":37}},"loc":{"start":{"line":1,"column":44},"end":{"line":29,"column":1}},"line":1},"1":{"name":"(anonymous_1)","decl":{"start":{"line":11,"column":4},"end":{"line":11,"column":5}},"loc":{"start":{"line":11,"column":28},"end":{"line":17,"column":5}},"line":11},"2":{"name":"(anonymous_2)","decl":{"start":{"line":19,"column":4},"end":{"line":19,"column":5}},"loc":{"start":{"line":19,"column":55},"end":{"line":26,"column":5}},"line":19}},"branchMap":{"0":{"loc":{"start":{"line":20,"column":6},"end":{"line":21,"column":65}},"type":"if","locations":[{"start":{"line":20,"column":6},"end":{"line":21,"column":65}},{"start":{"line":20,"column":6},"end":{"line":21,"column":65}}],"line":20},"1":{"loc":{"start":{"line":22,"column":6},"end":{"line":22,"column":40}},"type":"if","locations":[{"start":{"line":22,"column":6},"end":{"line":22,"column":40}},{"start":{"line":22,"column":6},"end":{"line":22,"column":40}}],"line":22},"2":{"loc":{"start":{"line":24,"column":6},"end":{"line":25,"column":63}},"type":"if","locations":[{"start":{"line":24,"column":6},"end":{"line":25,"column":63}},{"start":{"line":24,"column":6},"end":{"line":25,"column":63}}],"line":24}},"s":{"0":2,"1":19,"2":0,"3":19,"4":0,"5":19,"6":2,"7":1},"f":{"0":1,"1":2,"2":19},"b":{"0":[0,19],"1":[0,19],"2":[2,17]},"_coverageSchema":"1a1c01bbd47fc00a2c39e90264f33305004495a9","hash":"28588f8391f2998f273b43d230ef016f5a279855"}
,"/home/Philippe.Quemener/Workspace/ux-library/src/libraries/cmx/formulaires/buttons/button.component.js": {"path":"/home/Philippe.Quemener/Workspace/ux-library/src/libraries/cmx/formulaires/buttons/button.component.js","statementMap":{"0":{"start":{"line":10,"column":4},"end":{"line":15,"column":6}},"1":{"start":{"line":19,"column":4},"end":{"line":19,"column":35}},"2":{"start":{"line":23,"column":4},"end":{"line":24,"column":63}},"3":{"start":{"line":24,"column":6},"end":{"line":24,"column":63}},"4":{"start":{"line":26,"column":4},"end":{"line":26,"column":75}},"5":{"start":{"line":26,"column":26},"end":{"line":26,"column":75}},"6":{"start":{"line":27,"column":4},"end":{"line":29,"column":5}},"7":{"start":{"line":28,"column":6},"end":{"line":28,"column":69}},"8":{"start":{"line":33,"column":0},"end":{"line":33,"column":40}}},"fnMap":{"0":{"name":"(anonymous_0)","decl":{"start":{"line":9,"column":2},"end":{"line":9,"column":3}},"loc":{"start":{"line":9,"column":26},"end":{"line":16,"column":3}},"line":9},"1":{"name":"(anonymous_1)","decl":{"start":{"line":18,"column":2},"end":{"line":18,"column":3}},"loc":{"start":{"line":18,"column":21},"end":{"line":20,"column":3}},"line":18},"2":{"name":"(anonymous_2)","decl":{"start":{"line":22,"column":2},"end":{"line":22,"column":3}},"loc":{"start":{"line":22,"column":53},"end":{"line":30,"column":3}},"line":22}},"branchMap":{"0":{"loc":{"start":{"line":23,"column":4},"end":{"line":24,"column":63}},"type":"if","locations":[{"start":{"line":23,"column":4},"end":{"line":24,"column":63}},{"start":{"line":23,"column":4},"end":{"line":24,"column":63}}],"line":23},"1":{"loc":{"start":{"line":26,"column":4},"end":{"line":26,"column":75}},"type":"if","locations":[{"start":{"line":26,"column":4},"end":{"line":26,"column":75}},{"start":{"line":26,"column":4},"end":{"line":26,"column":75}}],"line":26},"2":{"loc":{"start":{"line":27,"column":4},"end":{"line":29,"column":5}},"type":"if","locations":[{"start":{"line":27,"column":4},"end":{"line":29,"column":5}},{"start":{"line":27,"column":4},"end":{"line":29,"column":5}}],"line":27}},"s":{"0":2,"1":1,"2":19,"3":19,"4":19,"5":0,"6":19,"7":0,"8":1},"f":{"0":2,"1":1,"2":19},"b":{"0":[19,0],"1":[0,19],"2":[0,19]},"_coverageSchema":"1a1c01bbd47fc00a2c39e90264f33305004495a9","hash":"dac8f367eb0583afa50dbfc5c5f28eeabc242b24"}
}
