TN:
SF:src/core/base/base.mixin.js
FN:17,(anonymous_0)
FN:30,(anonymous_1)
FN:47,(anonymous_2)
FN:60,(anonymous_3)
FNF:4
FNH:1
FNDA:4,(anonymous_0)
FNDA:0,(anonymous_1)
FNDA:0,(anonymous_2)
FNDA:0,(anonymous_3)
DA:4,1
DA:5,1
DA:6,0
DA:18,4
DA:19,4
DA:31,0
DA:32,0
DA:33,0
DA:35,0
DA:48,0
DA:61,0
LF:11
LH:4
BRDA:5,0,0,0
BRDA:5,0,1,1
BRDA:5,1,0,1
BRDA:5,1,1,0
BRDA:18,2,0,0
BRDA:18,2,1,4
BRDA:19,3,0,2
BRDA:19,3,1,2
BRDA:30,4,0,0
BRDA:31,5,0,0
BRDA:31,5,1,0
BRDA:32,6,0,0
BRDA:32,6,1,0
BRDA:35,7,0,0
BRDA:35,7,1,0
BRF:15
BRH:5
end_of_record
TN:
SF:src/core/base/baseShadowComponent.mixin.js
FNF:0
FNH:0
LF:0
LH:0
BRF:0
BRH:0
end_of_record
TN:
SF:src/core/base/properties.mixin.js
FN:3,PropertiesMixin
FN:14,(anonymous_1)
FN:21,(anonymous_2)
FN:34,(anonymous_3)
FN:41,(anonymous_4)
FN:76,(anonymous_5)
FN:80,(anonymous_6)
FN:117,(anonymous_7)
FN:144,(anonymous_8)
FN:159,makeDefineObject
FN:163,(anonymous_10)
FN:166,(anonymous_11)
FN:210,(anonymous_12)
FN:213,(anonymous_13)
FN:224,checkIfSpecialBoolean
FN:242,buildProtoPropsConfig
FN:256,buildConstructorPropsConfig
FN:275,snaketoCamel
FN:281,(anonymous_18)
FN:295,camelToSnake
FNF:20
FNH:17
FNDA:1,PropertiesMixin
FNDA:1,(anonymous_1)
FNDA:13,(anonymous_2)
FNDA:1,(anonymous_3)
FNDA:13,(anonymous_4)
FNDA:1,(anonymous_5)
FNDA:13,(anonymous_6)
FNDA:0,(anonymous_7)
FNDA:26,(anonymous_8)
FNDA:13,makeDefineObject
FNDA:22,(anonymous_10)
FNDA:12,(anonymous_11)
FNDA:17,(anonymous_12)
FNDA:8,(anonymous_13)
FNDA:12,checkIfSpecialBoolean
FNDA:1,buildProtoPropsConfig
FNDA:1,buildConstructorPropsConfig
FNDA:0,snaketoCamel
FNDA:0,(anonymous_18)
FNDA:39,camelToSnake
DA:15,1
DA:16,1
DA:20,1
DA:22,13
DA:23,13
DA:24,0
DA:25,0
DA:28,13
DA:35,1
DA:36,1
DA:37,1
DA:41,1
DA:43,13
DA:47,13
DA:58,13
DA:59,0
DA:77,1
DA:80,1
DA:82,13
DA:83,13
DA:84,0
DA:85,13
DA:90,0
DA:91,0
DA:119,0
DA:120,0
DA:122,0
DA:123,0
DA:124,0
DA:128,0
DA:145,26
DA:150,1
DA:160,13
DA:162,8
DA:164,22
DA:171,12
DA:173,12
DA:182,6
DA:183,1
DA:185,5
DA:187,6
DA:195,6
DA:196,1
DA:198,5
DA:202,0
DA:204,12
DA:209,5
DA:211,17
DA:216,8
DA:218,7
DA:225,12
DA:231,2
DA:233,10
DA:243,1
DA:244,1
DA:245,14
DA:246,5
DA:248,1
DA:257,1
DA:258,1
DA:259,14
DA:260,5
DA:265,1
DA:276,0
DA:279,0
DA:281,0
DA:283,0
DA:284,0
DA:296,39
LF:69
LH:51
BRDA:3,0,0,1
BRDA:23,1,0,0
BRDA:23,1,1,13
BRDA:24,2,0,0
BRDA:24,2,1,0
BRDA:31,3,0,1
BRDA:31,3,1,1
BRDA:58,4,0,0
BRDA:58,4,1,13
BRDA:77,5,0,0
BRDA:77,5,1,1
BRDA:83,6,0,0
BRDA:83,6,1,13
BRDA:84,7,0,0
BRDA:84,7,1,0
BRDA:85,8,0,0
BRDA:85,8,1,13
BRDA:86,9,0,13
BRDA:86,9,1,13
BRDA:86,9,2,13
BRDA:90,10,0,0
BRDA:90,10,1,0
BRDA:119,11,0,0
BRDA:119,11,1,0
BRDA:124,12,0,0
BRDA:124,12,1,0
BRDA:125,13,0,0
BRDA:125,13,1,0
BRDA:145,14,0,0
BRDA:145,14,1,26
BRDA:160,15,0,8
BRDA:160,15,1,5
BRDA:160,15,2,5
BRDA:164,16,0,22
BRDA:164,16,1,16
BRDA:171,17,0,0
BRDA:171,17,1,12
BRDA:173,18,0,6
BRDA:173,18,1,6
BRDA:174,19,0,12
BRDA:174,19,1,12
BRDA:174,19,2,6
BRDA:174,19,3,6
BRDA:174,19,4,6
BRDA:174,19,5,6
BRDA:182,20,0,1
BRDA:182,20,1,5
BRDA:187,21,0,6
BRDA:187,21,1,0
BRDA:188,22,0,6
BRDA:188,22,1,6
BRDA:188,22,2,0
BRDA:188,22,3,0
BRDA:188,22,4,0
BRDA:195,23,0,1
BRDA:195,23,1,5
BRDA:216,24,0,1
BRDA:216,24,1,7
BRDA:225,25,0,2
BRDA:225,25,1,10
BRDA:226,26,0,12
BRDA:226,26,1,12
BRDA:226,26,2,12
BRDA:226,26,3,10
BRDA:245,27,0,5
BRDA:245,27,1,9
BRDA:259,28,0,5
BRDA:259,28,1,9
BRDA:279,29,0,0
BRDA:279,29,1,0
BRDA:283,30,0,0
BRDA:283,30,1,0
BRF:72
BRH:45
end_of_record
TN:
SF:src/core/base/shadow.mixin.js
FN:1,ShadowMixin
FN:11,(anonymous_1)
FNF:2
FNH:2
FNDA:1,ShadowMixin
FNDA:1,(anonymous_1)
DA:12,1
DA:13,1
DA:14,1
DA:17,1
LF:4
LH:4
BRF:0
BRH:0
end_of_record
TN:
SF:src/core/base/style.mixin.js
FN:3,StylesMixin
FN:5,(anonymous_1)
FN:18,(anonymous_2)
FN:31,(anonymous_3)
FNF:4
FNH:4
FNDA:1,StylesMixin
FNDA:1,(anonymous_1)
FNDA:1,(anonymous_2)
FNDA:1,(anonymous_3)
DA:6,1
DA:7,1
DA:8,1
DA:9,1
DA:10,1
DA:11,1
DA:12,1
DA:14,1
DA:19,1
DA:20,1
DA:23,1
DA:31,1
DA:32,1
DA:33,1
DA:34,14
DA:35,3
DA:37,1
LF:17
LH:17
BRDA:11,0,0,1
BRDA:11,0,1,0
BRDA:12,1,0,1
BRDA:12,1,1,0
BRDA:19,2,0,1
BRDA:19,2,1,0
BRDA:20,3,0,1
BRDA:20,3,1,0
BRDA:34,4,0,3
BRDA:34,4,1,11
BRF:10
BRH:6
end_of_record
TN:
SF:src/core/base/template.mixin.js
FN:3,TemplateMixin
FN:5,(anonymous_1)
FN:39,(anonymous_2)
FNF:3
FNH:3
FNDA:1,TemplateMixin
FNDA:1,(anonymous_1)
FNDA:1,(anonymous_2)
DA:6,1
DA:8,1
DA:9,1
DA:11,1
DA:13,1
DA:14,1
DA:19,1
DA:20,1
DA:22,0
DA:27,0
DA:31,1
DA:39,1
DA:40,1
DA:41,1
DA:42,14
DA:43,1
DA:45,1
LF:17
LH:15
BRDA:11,0,0,0
BRDA:11,0,1,1
BRDA:13,1,0,1
BRDA:13,1,1,0
BRDA:19,2,0,1
BRDA:19,2,1,0
BRDA:27,3,0,0
BRDA:27,3,1,0
BRDA:42,4,0,1
BRDA:42,4,1,13
BRF:10
BRH:5
end_of_record
TN:
SF:src/core/base/utils.js
FN:6,(anonymous_0)
FN:30,(anonymous_1)
FN:58,(anonymous_2)
FNF:3
FNH:2
FNDA:3,(anonymous_0)
FNDA:1,(anonymous_1)
FNDA:0,(anonymous_2)
DA:6,1
DA:7,3
DA:8,3
DA:9,3
DA:10,45
DA:12,45
DA:20,3
DA:21,42
DA:23,3
DA:30,1
DA:31,1
DA:32,1
DA:33,1
DA:34,15
DA:36,15
DA:43,1
DA:44,14
DA:46,1
DA:58,1
DA:59,0
DA:62,0
DA:65,0
DA:66,0
DA:67,0
DA:71,0
DA:72,0
DA:73,0
DA:74,0
DA:82,0
DA:83,0
DA:84,0
LF:31
LH:19
BRDA:11,0,0,3
BRDA:11,0,1,42
BRDA:12,1,0,3
BRDA:12,1,1,42
BRDA:13,2,0,45
BRDA:13,2,1,45
BRDA:13,2,2,45
BRDA:13,2,3,42
BRDA:13,2,4,42
BRDA:13,2,5,42
BRDA:35,3,0,1
BRDA:35,3,1,14
BRDA:36,4,0,1
BRDA:36,4,1,14
BRDA:37,5,0,15
BRDA:37,5,1,15
BRDA:37,5,2,14
BRDA:37,5,3,14
BRDA:37,5,4,14
BRDA:62,6,0,0
BRDA:62,6,1,0
BRDA:65,7,0,0
BRDA:65,7,1,0
BRDA:66,8,0,0
BRDA:66,8,1,0
BRDA:68,9,0,0
BRDA:68,9,1,0
BRDA:71,10,0,0
BRDA:71,10,1,0
BRDA:73,11,0,0
BRDA:73,11,1,0
BRDA:82,12,0,0
BRDA:82,12,1,0
BRDA:83,13,0,0
BRDA:83,13,1,0
BRF:35
BRH:19
end_of_record
TN:
SF:src/core/components/formulaires/buttons/button.component.js
FN:39,(anonymous_0)
FN:62,(anonymous_1)
FN:66,(anonymous_2)
FN:89,(anonymous_3)
FN:98,(anonymous_4)
FN:122,(anonymous_5)
FN:130,(anonymous_6)
FN:145,(anonymous_7)
FNF:8
FNH:8
FNDA:2,(anonymous_0)
FNDA:1,(anonymous_1)
FNDA:19,(anonymous_2)
FNDA:1,(anonymous_3)
FNDA:2,(anonymous_4)
FNDA:2,(anonymous_5)
FNDA:3,(anonymous_6)
FNDA:2,(anonymous_7)
DA:9,1
DA:17,1
DA:18,1
DA:40,2
DA:63,1
DA:67,19
DA:68,19
DA:69,19
DA:70,19
DA:72,2
DA:73,2
DA:75,2
DA:76,2
DA:78,2
DA:79,2
DA:81,2
DA:82,2
DA:84,2
DA:85,2
DA:90,1
DA:92,1
DA:99,2
DA:103,2
DA:109,2
DA:110,2
DA:112,0
DA:118,0
DA:123,2
DA:124,1
DA:126,1
DA:131,3
DA:134,3
DA:135,1
DA:136,1
DA:138,1
DA:140,2
DA:141,2
DA:146,2
DA:147,1
DA:148,1
DA:150,1
DA:151,1
LF:42
LH:40
BRDA:67,0,0,19
BRDA:67,0,1,0
BRDA:69,1,0,0
BRDA:69,1,1,19
BRDA:70,2,0,2
BRDA:70,2,1,2
BRDA:70,2,2,2
BRDA:70,2,3,2
BRDA:70,2,4,2
BRDA:90,3,0,1
BRDA:90,3,1,0
BRDA:99,4,0,1
BRDA:99,4,1,2
BRDA:99,4,2,2
BRDA:99,4,3,0
BRDA:123,5,0,1
BRDA:123,5,1,1
BRDA:134,6,0,1
BRDA:134,6,1,2
BRDA:134,7,0,3
BRDA:134,7,1,1
BRDA:136,8,0,0
BRDA:136,8,1,1
BRDA:141,9,0,1
BRDA:141,9,1,1
BRDA:146,10,0,1
BRDA:146,10,1,1
BRF:27
BRH:22
end_of_record
TN:
SF:src/core/mixins/aria/delegateFocus.mixin.js
FN:1,AriaDelegateFocus
FN:9,(anonymous_1)
FN:15,(anonymous_2)
FN:20,(anonymous_3)
FN:25,(anonymous_4)
FNF:5
FNH:5
FNDA:1,AriaDelegateFocus
FNDA:1,(anonymous_1)
FNDA:1,(anonymous_2)
FNDA:1,(anonymous_3)
FNDA:1,(anonymous_4)
DA:10,1
DA:11,1
DA:12,1
DA:16,1
DA:17,1
DA:21,1
DA:22,1
DA:26,1
DA:29,1
LF:9
LH:9
BRDA:16,0,0,1
BRDA:16,0,1,0
BRDA:21,1,0,1
BRDA:21,1,1,0
BRF:4
BRH:2
end_of_record
TN:
SF:src/core/mixins/aria/hidden-style.mixin.js
FN:11,AriaHiddenStyleMixin
FN:13,(anonymous_1)
FNF:2
FNH:2
FNDA:1,AriaHiddenStyleMixin
FNDA:1,(anonymous_1)
DA:14,1
DA:18,1
LF:2
LH:2
BRF:0
BRH:0
end_of_record
TN:
SF:src/core/mixins/event/triggerEl.mixin.js
FN:1,TriggerElMixin
FN:18,(anonymous_1)
FN:26,(anonymous_2)
FN:32,(anonymous_3)
FN:42,(anonymous_4)
FN:48,(anonymous_5)
FNF:6
FNH:6
FNDA:1,TriggerElMixin
FNDA:2,(anonymous_1)
FNDA:1,(anonymous_2)
FNDA:1,(anonymous_3)
FNDA:1,(anonymous_4)
FNDA:2,(anonymous_5)
DA:19,2
DA:27,1
DA:28,1
DA:29,1
DA:33,1
DA:36,1
DA:38,1
DA:39,1
DA:43,1
DA:44,1
DA:45,1
DA:49,2
DA:51,2
DA:53,2
DA:57,2
DA:60,1
LF:16
LH:16
BRDA:33,0,0,1
BRDA:33,0,1,0
BRDA:36,1,0,0
BRDA:36,1,1,1
BRDA:43,2,0,0
BRDA:43,2,1,1
BRDA:49,3,0,0
BRDA:49,3,1,2
BRDA:53,4,0,0
BRDA:53,4,1,2
BRF:10
BRH:5
end_of_record
TN:
SF:src/core/mixins/layout/elementAlignment.mixin.js
FN:1,ElementAlignmentMixin
FN:13,(anonymous_1)
FN:27,(anonymous_2)
FNF:3
FNH:3
FNDA:1,ElementAlignmentMixin
FNDA:2,(anonymous_1)
FNDA:19,(anonymous_2)
DA:14,2
DA:28,19
DA:29,19
DA:30,19
DA:31,19
DA:33,2
DA:34,1
DA:35,1
DA:36,1
DA:37,1
DA:39,1
DA:40,1
DA:41,1
DA:42,1
DA:44,2
DA:46,2
DA:47,1
DA:48,1
DA:49,1
DA:51,1
DA:52,1
DA:53,1
DA:55,2
DA:57,2
DA:58,1
DA:59,1
DA:60,1
DA:62,1
DA:63,1
DA:64,1
DA:66,2
DA:70,1
LF:32
LH:32
BRDA:28,0,0,19
BRDA:28,0,1,0
BRDA:30,1,0,0
BRDA:30,1,1,19
BRDA:31,2,0,2
BRDA:31,2,1,2
BRDA:31,2,2,2
BRDA:33,3,0,1
BRDA:33,3,1,1
BRDA:46,4,0,1
BRDA:46,4,1,1
BRDA:57,5,0,1
BRDA:57,5,1,1
BRF:13
BRH:11
end_of_record
TN:
SF:src/core/mixins/styles/btnNoStyle.mixin.js
FN:3,BtnNoStyleMixin
FN:14,(anonymous_1)
FNF:2
FNH:2
FNDA:1,BtnNoStyleMixin
FNDA:1,(anonymous_1)
DA:15,1
DA:18,1
LF:2
LH:2
BRF:0
BRH:0
end_of_record
TN:
SF:src/core/mixins/styles/btnOutlined.mixin.js
FN:1,OutlinedMixin
FN:11,(anonymous_1)
FN:19,(anonymous_2)
FNF:3
FNH:3
FNDA:1,OutlinedMixin
FNDA:2,(anonymous_1)
FNDA:19,(anonymous_2)
DA:12,2
DA:20,19
DA:21,0
DA:22,19
DA:24,19
DA:25,2
DA:28,1
LF:7
LH:6
BRDA:20,0,0,0
BRDA:20,0,1,19
BRDA:22,1,0,0
BRDA:22,1,1,19
BRDA:24,2,0,2
BRDA:24,2,1,17
BRF:6
BRH:4
end_of_record
TN:
SF:src/libraries/cmx/formulaires/buttons/button.component.js
FN:9,(anonymous_0)
FN:18,(anonymous_1)
FN:22,(anonymous_2)
FNF:3
FNH:3
FNDA:2,(anonymous_0)
FNDA:1,(anonymous_1)
FNDA:19,(anonymous_2)
DA:10,2
DA:19,1
DA:23,19
DA:24,19
DA:26,19
DA:27,19
DA:28,0
DA:33,1
LF:8
LH:7
BRDA:23,0,0,19
BRDA:23,0,1,0
BRDA:26,1,0,0
BRDA:26,1,1,19
BRDA:27,2,0,0
BRDA:27,2,1,19
BRF:6
BRH:3
end_of_record
